<?xml version="1.0" encoding="UTF-8"?>
<!-- Generated by org.testng.reporters.JUnitReportReporter -->
<testsuite hostname="DESKTOP-L62HK89" failures="0" tests="3" name="testCases.MyAccountTest" time="0.093" errors="0" timestamp="2024-11-29T16:56:37 IST" skipped="0">
  <testcase classname="testCases.MyAccountTest" name="validHomePage" time="0.027"/>
  <testcase classname="testCases.MyAccountTest" name="validAddressPage" time="0.030"/>
  <testcase classname="testCases.MyAccountTest" name="validOrderAndHistoryPage" time="0.036"/>
</testsuite> <!-- testCases.MyAccountTest -->
