<?xml version="1.0" encoding="UTF-8"?>
<!-- Generated by org.testng.reporters.JUnitReportReporter -->
<testsuite hostname="DESKTOP-L62HK89" failures="0" tests="2" name="testCases.LoginPageTest" time="2.578" errors="0" timestamp="2024-11-29T16:56:37 IST" skipped="0">
  <testcase classname="testCases.LoginPageTest" name="loginTest" time="1.446"/>
  <testcase classname="testCases.LoginPageTest" name="loginFun" time="1.132"/>
</testsuite> <!-- testCases.LoginPageTest -->
