<?xml version="1.0" encoding="UTF-8"?>
<!-- Generated by org.testng.reporters.JUnitReportReporter -->
<testsuite hostname="DESKTOP-L62HK89" failures="0" tests="4" name="testCases.LoginPageTest_DDT" time="15.030" errors="0" timestamp="2024-11-29T13:46:15 IST" skipped="0">
  <testcase classname="testCases.LoginPageTest_DDT" name="loginDDT" time="3.299"/>
  <testcase classname="testCases.LoginPageTest_DDT" name="loginDDT" time="3.474"/>
  <testcase classname="testCases.LoginPageTest_DDT" name="loginDDT" time="4.476"/>
  <testcase classname="testCases.LoginPageTest_DDT" name="loginDDT" time="3.781"/>
</testsuite> <!-- testCases.LoginPageTest_DDT -->
