<?xml version="1.0" encoding="UTF-8"?>
<!-- Generated by org.testng.reporters.JUnitReportReporter -->
<testsuite hostname="DESKTOP-L62HK89" failures="0" tests="2" name="testCases.IndexPageTest" time="1.051" errors="0" timestamp="2024-11-29T16:56:37 IST" skipped="0">
  <testcase classname="testCases.IndexPageTest" name="searchProduct" time="0.986"/>
  <testcase classname="testCases.IndexPageTest" name="verifyLogo" time="0.065"/>
</testsuite> <!-- testCases.IndexPageTest -->
